{
  "RSpec": {
    "coverage": {
      "/Users/davehardy632/turing/3module/projects/Sweater_Weather/config/environment.rb": [
        null,
        1,
        null,
        null,
        1
      ],
      "/Users/davehardy632/turing/3module/projects/Sweater_Weather/config/application.rb": [
        1,
        null,
        1,
        null,
        1,
        1,
        1,
        1,
        1,
        1,
        1,
        1,
        null,
        null,
        null,
        null,
        null,
        1,
        null,
        1,
        1,
        null,
        1,
        null,
        null,
        null,
        null,
        null,
        null,
        null,
        null,
        null,
        1,
        null,
        null
      ],
      "/Users/davehardy632/turing/3module/projects/Sweater_Weather/config/boot.rb": [
        1,
        null,
        1,
        1
      ],
      "/Users/davehardy632/turing/3module/projects/Sweater_Weather/config/environments/test.rb": [
        1,
        null,
        null,
        null,
        null,
        null,
        null,
        1,
        null,
        null,
        null,
        null,
        1,
        null,
        null,
        1,
        1,
        null,
        null,
        null,
        null,
        1,
        1,
        null,
        null,
        1,
        null,
        null,
        1,
        null,
        null,
        1,
        null,
        1,
        null,
        null,
        null,
        null,
        1,
        null,
        null,
        1,
        null,
        null,
        null,
        null
      ],
      "/Users/davehardy632/turing/3module/projects/Sweater_Weather/config/initializers/application_controller_renderer.rb": [
        null,
        null,
        null,
        null,
        null,
        null,
        null,
        null
      ],
      "/Users/davehardy632/turing/3module/projects/Sweater_Weather/config/initializers/backtrace_silencers.rb": [
        null,
        null,
        null,
        null,
        null,
        null,
        null
      ],
      "/Users/davehardy632/turing/3module/projects/Sweater_Weather/config/initializers/cors.rb": [
        null,
        null,
        null,
        null,
        null,
        null,
        null,
        null,
        null,
        null,
        null,
        null,
        null,
        null,
        null,
        null
      ],
      "/Users/davehardy632/turing/3module/projects/Sweater_Weather/config/initializers/filter_parameter_logging.rb": [
        null,
        null,
        null,
        1
      ],
      "/Users/davehardy632/turing/3module/projects/Sweater_Weather/config/initializers/inflections.rb": [
        null,
        null,
        null,
        null,
        null,
        null,
        null,
        null,
        null,
        null,
        null,
        null,
        null,
        null,
        null,
        null
      ],
      "/Users/davehardy632/turing/3module/projects/Sweater_Weather/config/initializers/mime_types.rb": [
        null,
        null,
        null,
        null
      ],
      "/Users/davehardy632/turing/3module/projects/Sweater_Weather/config/initializers/wrap_parameters.rb": [
        null,
        null,
        null,
        null,
        null,
        null,
        1,
        2,
        null,
        null,
        null,
        null,
        null,
        null
      ],
      "/Users/davehardy632/turing/3module/projects/Sweater_Weather/config/routes.rb": [
        1,
        null,
        1,
        1,
        null
      ],
      "/Users/davehardy632/turing/3module/projects/Sweater_Weather/app/controllers/forecast_controller.rb": [
        1,
        null,
        1,
        1,
        null,
        null,
        1,
        null,
        1,
        1,
        null,
        null,
        1,
        1,
        null,
        null,
        null
      ],
      "/Users/davehardy632/turing/3module/projects/Sweater_Weather/app/controllers/application_controller.rb": [
        1,
        null
      ],
      "/Users/davehardy632/turing/3module/projects/Sweater_Weather/app/serializers/forecast_serializer.rb": [
        1,
        1,
        1,
        null,
        null,
        null,
        null,
        null
      ],
      "/Users/davehardy632/turing/3module/projects/Sweater_Weather/app/facades/forecast_facade.rb": [
        1,
        null,
        1,
        null,
        1,
        1,
        1,
        null,
        null,
        1,
        3,
        null,
        null,
        1,
        1,
        null,
        null,
        1,
        1,
        8,
        null,
        null,
        null,
        1,
        1,
        5,
        null,
        null,
        null,
        1,
        1,
        null,
        null,
        1,
        1,
        null,
        null,
        1,
        1,
        null,
        null,
        1,
        null,
        1,
        null,
        1,
        3,
        null,
        null,
        1,
        3,
        null,
        null,
        1,
        3,
        null,
        null
      ],
      "/Users/davehardy632/turing/3module/projects/Sweater_Weather/app/serializers/current_forecast_serializer.rb": [
        1,
        1,
        1,
        null,
        null,
        null,
        null,
        null,
        null,
        null,
        null,
        null,
        null,
        null
      ],
      "/Users/davehardy632/turing/3module/projects/Sweater_Weather/app/models/current_forecast.rb": [
        1,
        1,
        null,
        null,
        null,
        null,
        null,
        null,
        null,
        null,
        null,
        null,
        null,
        1,
        1,
        1,
        1,
        1,
        1,
        1,
        1,
        1,
        1,
        1,
        1,
        null,
        null,
        null
      ],
      "/Users/davehardy632/turing/3module/projects/Sweater_Weather/app/services/google_geocode_service.rb": [
        1,
        null,
        1,
        3,
        null,
        null,
        1,
        3,
        3,
        3,
        null,
        null,
        null,
        1,
        3,
        null,
        null,
        null,
        null
      ],
      "/Users/davehardy632/turing/3module/projects/Sweater_Weather/app/models/coordinate.rb": [
        1,
        1,
        null,
        null,
        null,
        null,
        1,
        3,
        3,
        3,
        3,
        null,
        null,
        null,
        null
      ],
      "/Users/davehardy632/turing/3module/projects/Sweater_Weather/app/services/dark_sky_api_service.rb": [
        1,
        null,
        1,
        3,
        null,
        null,
        1,
        3,
        null,
        null,
        1,
        3,
        null,
        null,
        1,
        null,
        1,
        null,
        1,
        3,
        3,
        null,
        null,
        null
      ],
      "/Users/davehardy632/turing/3module/projects/Sweater_Weather/app/serializers/daily_forecast_serializer.rb": [
        1,
        1,
        1,
        null,
        null,
        null,
        null,
        null,
        null,
        null,
        null
      ],
      "/Users/davehardy632/turing/3module/projects/Sweater_Weather/app/models/daily_forecast.rb": [
        1,
        null,
        1,
        null,
        null,
        null,
        null,
        null,
        null,
        null,
        null,
        1,
        5,
        5,
        5,
        5,
        5,
        5,
        5,
        5,
        null,
        null
      ],
      "/Users/davehardy632/turing/3module/projects/Sweater_Weather/app/serializers/hourly_forecast_serializer.rb": [
        1,
        1,
        1,
        null,
        null,
        null,
        null
      ],
      "/Users/davehardy632/turing/3module/projects/Sweater_Weather/app/models/hourly_forecast.rb": [
        1,
        1,
        null,
        null,
        null,
        null,
        1,
        8,
        8,
        8,
        8,
        null,
        null,
        null
      ]
    },
    "timestamp": 1564438793
  }
}
